2016-12-13 17:10:31,097 ERROR [Worker-8] - System.err - Dec 13, 2016 5:10:31 PM org.hibernate.eclipse.HibernatePlugin start
INFO: HibernatePlugin Started
2016-12-13 17:11:47,942  WARN [Worker-19] - ScalaProject - Project expressionparser has platform default sourceLevel.
2016-12-13 17:11:47,942  WARN [Worker-19] - ScalaProject - Project expressionparser runs on platform default installation.
2016-12-13 17:11:49,269  WARN [Worker-6] - ScalaProject - Project expressionparser has platform default sourceLevel.
2016-12-13 17:11:49,279  WARN [Worker-6] - ScalaProject - Project expressionparser runs on platform default installation.
2016-12-13 17:11:50,200  WARN [Worker-22] - ScalaProject - Project expressionparser has platform default sourceLevel.
2016-12-13 17:11:50,200  WARN [Worker-22] - ScalaProject - Project expressionparser runs on platform default installation.
2016-12-13 17:11:58,392  WARN [Java indexing] - ScalaProject - Project expressionparser has platform default sourceLevel.
2016-12-13 17:11:58,393  WARN [Java indexing] - ScalaProject - Project expressionparser runs on platform default installation.
2016-12-13 17:12:30,314  WARN [Worker-22] - ScalaProject - Project AdScraperExpressionFilter has platform default sourceLevel.
2016-12-13 17:12:30,314  WARN [Worker-22] - ScalaProject - Project AdScraperExpressionFilter runs on platform default installation.
2016-12-13 17:12:31,996  WARN [Worker-6] - ScalaProject - Project AdScraperExpressionFilter has platform default sourceLevel.
2016-12-13 17:12:31,996  WARN [Worker-6] - ScalaProject - Project AdScraperExpressionFilter runs on platform default installation.
2016-12-13 17:12:32,753  WARN [Worker-22] - ScalaProject - Project AdScraperExpressionFilter has platform default sourceLevel.
2016-12-13 17:12:32,754  WARN [Worker-22] - ScalaProject - Project AdScraperExpressionFilter runs on platform default installation.
2016-12-13 17:12:39,331  WARN [Worker-6] - ScalaProject - Project AdScraperExpressionFilter has platform default sourceLevel.
2016-12-13 17:12:39,332  WARN [Worker-6] - ScalaProject - Project AdScraperExpressionFilter runs on platform default installation.
2016-12-13 17:12:54,098  WARN [Worker-21] - ScalaProject - Project expressionparser has platform default sourceLevel.
2016-12-13 17:12:54,099  WARN [Worker-21] - ScalaProject - Project expressionparser runs on platform default installation.
2016-12-13 17:13:20,988  WARN [Worker-6] - ScalaProject - Project AdScraperExpressionFilter has platform default sourceLevel.
2016-12-13 17:13:20,988  WARN [Worker-6] - ScalaProject - Project AdScraperExpressionFilter runs on platform default installation.
2016-12-14 10:21:33,378  WARN [Worker-0] - ScalaProject - Project expressionparser has platform default sourceLevel.
2016-12-14 10:21:33,429  WARN [Worker-0] - ScalaProject - Project expressionparser runs on platform default installation.
2016-12-14 10:21:40,205  WARN [Worker-0] - ScalaProject - Project AdScraperExpressionFilter has platform default sourceLevel.
2016-12-14 10:21:40,206  WARN [Worker-0] - ScalaProject - Project AdScraperExpressionFilter runs on platform default installation.
2016-12-14 10:21:40,566  WARN [Worker-1] - ScalaProject - Project AdScraperExpressionFilter has platform default sourceLevel.
2016-12-14 10:21:40,617  WARN [Worker-1] - ScalaProject - Project AdScraperExpressionFilter runs on platform default installation.
2016-12-14 10:22:04,308  WARN [Worker-2] - ScalaProject - Project expressionparser has platform default sourceLevel.
2016-12-14 10:22:04,308  WARN [Worker-2] - ScalaProject - Project expressionparser runs on platform default installation.
2016-12-14 10:22:04,527  WARN [Worker-2] - ScalaProject - Project expressionparser has platform default sourceLevel.
2016-12-14 10:22:04,527  WARN [Worker-2] - ScalaProject - Project expressionparser runs on platform default installation.
2016-12-14 10:22:06,804  WARN [Worker-2] - ScalaProject - Project AdScraperExpressionFilter has platform default sourceLevel.
2016-12-14 10:22:06,804  WARN [Worker-2] - ScalaProject - Project AdScraperExpressionFilter runs on platform default installation.
2016-12-14 10:22:06,832  WARN [Worker-2] - ScalaProject - Project AdScraperExpressionFilter has platform default sourceLevel.
2016-12-14 10:22:06,832  WARN [Worker-2] - ScalaProject - Project AdScraperExpressionFilter runs on platform default installation.
2016-12-14 11:02:16,739  WARN [Worker-46] - ScalaProject - Project AdScraperExpressionFilter has platform default sourceLevel.
2016-12-14 11:02:16,750  WARN [Worker-46] - ScalaProject - Project AdScraperExpressionFilter runs on platform default installation.
2016-12-14 11:02:18,483  WARN [Worker-46] - ScalaProject - Project AdScraperExpressionFilter has platform default sourceLevel.
2016-12-14 11:02:18,484  WARN [Worker-46] - ScalaProject - Project AdScraperExpressionFilter runs on platform default installation.
2016-12-14 11:14:43,642  WARN [Worker-49] - ScalaProject - Project expressionparser has platform default sourceLevel.
2016-12-14 11:14:43,642  WARN [Worker-49] - ScalaProject - Project expressionparser runs on platform default installation.
2016-12-14 11:15:16,129  WARN [Worker-49] - ScalaProject - Project AdScraperExpressionFilter has platform default sourceLevel.
2016-12-14 11:15:16,129  WARN [Worker-49] - ScalaProject - Project AdScraperExpressionFilter runs on platform default installation.
2016-12-14 11:15:16,859  WARN [Worker-51] - ScalaProject - Project expressionparser has platform default sourceLevel.
2016-12-14 11:15:16,859  WARN [Worker-51] - ScalaProject - Project expressionparser runs on platform default installation.
2016-12-14 11:15:17,050  WARN [Worker-51] - ScalaProject - Project expressionparser has platform default sourceLevel.
2016-12-14 11:15:17,050  WARN [Worker-51] - ScalaProject - Project expressionparser runs on platform default installation.
2016-12-14 11:30:31,046  WARN [main] - ScalaProject - Project AdScraperExpressionFilter has platform default sourceLevel.
2016-12-14 11:30:31,056  WARN [main] - ScalaProject - Project AdScraperExpressionFilter runs on platform default installation.
2016-12-14 11:30:39,006  WARN [main] - ScalaProject - Project expressionparser has platform default sourceLevel.
2016-12-14 11:30:39,007  WARN [main] - ScalaProject - Project expressionparser runs on platform default installation.
2016-12-14 15:37:35,291  WARN [Worker-114] - ScalaProject - Project expressionparser has platform default sourceLevel.
2016-12-14 15:37:35,343  WARN [Worker-114] - ScalaProject - Project expressionparser runs on platform default installation.
2016-12-14 15:37:37,463  WARN [Worker-114] - ScalaProject - Project AdScraperExpressionFilter has platform default sourceLevel.
2016-12-14 15:37:37,463  WARN [Worker-114] - ScalaProject - Project AdScraperExpressionFilter runs on platform default installation.
2016-12-14 15:42:26,712  WARN [Worker-116] - ScalaProject - Project expressionparser has platform default sourceLevel.
2016-12-14 15:42:26,756  WARN [Worker-116] - ScalaProject - Project expressionparser runs on platform default installation.
2016-12-14 15:42:27,301  WARN [Worker-116] - ScalaProject - Project AdScraperExpressionFilter has platform default sourceLevel.
2016-12-14 15:42:27,305  WARN [Worker-116] - ScalaProject - Project AdScraperExpressionFilter runs on platform default installation.
2016-12-14 15:49:11,613  WARN [Worker-113] - ScalaProject - Project expressionparser has platform default sourceLevel.
2016-12-14 15:49:11,613  WARN [Worker-113] - ScalaProject - Project expressionparser runs on platform default installation.
2016-12-14 15:49:11,763  WARN [Worker-113] - ScalaProject - Project AdScraperExpressionFilter has platform default sourceLevel.
2016-12-14 15:49:11,766  WARN [Worker-113] - ScalaProject - Project AdScraperExpressionFilter runs on platform default installation.
2016-12-14 16:00:20,495  WARN [Worker-114] - ScalaProject - Project expressionparser has platform default sourceLevel.
2016-12-14 16:00:20,495  WARN [Worker-114] - ScalaProject - Project expressionparser runs on platform default installation.
2016-12-14 16:00:20,586  WARN [Worker-114] - ScalaProject - Project AdScraperExpressionFilter has platform default sourceLevel.
2016-12-14 16:00:20,586  WARN [Worker-114] - ScalaProject - Project AdScraperExpressionFilter runs on platform default installation.
2016-12-14 17:49:12,666  WARN [Worker-137] - ScalaProject - Project expressionparser has platform default sourceLevel.
2016-12-14 17:49:12,666  WARN [Worker-137] - ScalaProject - Project expressionparser runs on platform default installation.
2016-12-14 17:49:12,884  WARN [Worker-137] - ScalaProject - Project AdScraperExpressionFilter has platform default sourceLevel.
2016-12-14 17:49:12,885  WARN [Worker-137] - ScalaProject - Project AdScraperExpressionFilter runs on platform default installation.
2016-12-14 18:05:33,262  WARN [Worker-134] - ScalaProject - Project expressionparser has platform default sourceLevel.
2016-12-14 18:05:33,262  WARN [Worker-134] - ScalaProject - Project expressionparser runs on platform default installation.
2016-12-14 18:05:33,551  WARN [Worker-134] - ScalaProject - Project AdScraperExpressionFilter has platform default sourceLevel.
2016-12-14 18:05:33,551  WARN [Worker-134] - ScalaProject - Project AdScraperExpressionFilter runs on platform default installation.
2016-12-14 18:42:09,683  WARN [Recommenders-Timeout-Manager] - ScalaProject - Project AdScraperExpressionFilter has platform default sourceLevel.
2016-12-14 18:42:09,683  WARN [Recommenders-Timeout-Manager] - ScalaProject - Project AdScraperExpressionFilter runs on platform default installation.
2016-12-14 20:44:03,195  WARN [Worker-6] - ScalaProject - Project expressionparser has platform default sourceLevel.
2016-12-14 20:44:03,262  WARN [Worker-6] - ScalaProject - Project expressionparser runs on platform default installation.
2016-12-14 20:44:03,450  WARN [Worker-6] - ScalaProject - Project AdScraperExpressionFilter has platform default sourceLevel.
2016-12-14 20:44:03,451  WARN [Worker-6] - ScalaProject - Project AdScraperExpressionFilter runs on platform default installation.
2016-12-14 20:44:03,576  WARN [Worker-7] - ScalaProject - Project expressionparser has platform default sourceLevel.
2016-12-14 20:44:03,577  WARN [Worker-7] - ScalaProject - Project expressionparser runs on platform default installation.
2016-12-14 20:44:03,579  WARN [Worker-7] - ScalaProject - Project AdScraperExpressionFilter has platform default sourceLevel.
2016-12-14 20:44:03,579  WARN [Worker-7] - ScalaProject - Project AdScraperExpressionFilter runs on platform default installation.
2016-12-14 21:10:47,564  WARN [Worker-25] - ScalaProject - Project expressionparser has platform default sourceLevel.
2016-12-14 21:10:47,564  WARN [Worker-25] - ScalaProject - Project expressionparser runs on platform default installation.
2016-12-14 21:10:47,643  WARN [Worker-25] - ScalaProject - Project expressionparser has platform default sourceLevel.
2016-12-14 21:10:47,643  WARN [Worker-25] - ScalaProject - Project expressionparser runs on platform default installation.
2016-12-14 21:10:49,598  WARN [Worker-26] - ScalaProject - Project AdScraperExpressionFilter has platform default sourceLevel.
2016-12-14 21:10:49,598  WARN [Worker-26] - ScalaProject - Project AdScraperExpressionFilter runs on platform default installation.
2016-12-14 21:10:49,607  WARN [Worker-26] - ScalaProject - Project AdScraperExpressionFilter has platform default sourceLevel.
2016-12-14 21:10:49,607  WARN [Worker-26] - ScalaProject - Project AdScraperExpressionFilter runs on platform default installation.
2016-12-14 21:10:50,970  WARN [Worker-26] - ScalaProject - Project expressionparser has platform default sourceLevel.
2016-12-14 21:10:50,971  WARN [Worker-26] - ScalaProject - Project expressionparser runs on platform default installation.
2016-12-14 21:10:51,532  WARN [Worker-26] - ScalaProject - Project AdScraperExpressionFilter has platform default sourceLevel.
2016-12-14 21:10:51,532  WARN [Worker-26] - ScalaProject - Project AdScraperExpressionFilter runs on platform default installation.
2016-12-14 21:15:16,899  WARN [Worker-31] - ScalaProject - Project AdScraperExpressionFilter has platform default sourceLevel.
2016-12-14 21:15:16,900  WARN [Worker-31] - ScalaProject - Project AdScraperExpressionFilter runs on platform default installation.
2016-12-14 21:15:27,155  WARN [Worker-33] - ScalaProject - Project AdScraperExpressionFilter has platform default sourceLevel.
2016-12-14 21:15:27,155  WARN [Worker-33] - ScalaProject - Project AdScraperExpressionFilter runs on platform default installation.
2016-12-14 21:15:34,958  WARN [Worker-34] - ScalaProject - Project AdScraperExpressionFilter has platform default sourceLevel.
2016-12-14 21:15:34,959  WARN [Worker-34] - ScalaProject - Project AdScraperExpressionFilter runs on platform default installation.
2016-12-14 21:15:35,387  WARN [Worker-27] - ScalaProject - Project AdScraperExpressionFilter has platform default sourceLevel.
2016-12-14 21:15:35,387  WARN [Worker-27] - ScalaProject - Project AdScraperExpressionFilter runs on platform default installation.
2016-12-14 21:18:26,800  WARN [main] - ScalaProject - Project AdScraperExpressionFilter has platform default sourceLevel.
2016-12-14 21:18:26,800  WARN [main] - ScalaProject - Project AdScraperExpressionFilter runs on platform default installation.
2016-12-14 21:18:55,352  WARN [Worker-35] - ScalaProject - Project expressionparser has platform default sourceLevel.
2016-12-14 21:18:55,352  WARN [Worker-35] - ScalaProject - Project expressionparser runs on platform default installation.
2016-12-14 21:18:56,249  WARN [Java indexing] - ScalaProject - Project expressionparser has platform default sourceLevel.
2016-12-14 21:18:56,250  WARN [Java indexing] - ScalaProject - Project expressionparser runs on platform default installation.
2016-12-14 21:18:56,466  WARN [Worker-39] - ScalaProject - Project expressionparser has platform default sourceLevel.
2016-12-14 21:18:56,466  WARN [Worker-39] - ScalaProject - Project expressionparser runs on platform default installation.
2016-12-14 21:18:56,488  WARN [Worker-39] - ScalaProject - Project expressionparser has platform default sourceLevel.
2016-12-14 21:18:56,488  WARN [Worker-39] - ScalaProject - Project expressionparser runs on platform default installation.
2016-12-14 21:19:06,417  WARN [Worker-39] - ScalaProject - Project AdScraperExpressionFilter has platform default sourceLevel.
2016-12-14 21:19:06,417  WARN [Worker-39] - ScalaProject - Project AdScraperExpressionFilter runs on platform default installation.
2016-12-14 21:19:12,467  WARN [Worker-35] - ScalaProject - Project expressionparser has platform default sourceLevel.
2016-12-14 21:19:12,468  WARN [Worker-35] - ScalaProject - Project expressionparser runs on platform default installation.
2016-12-14 21:20:18,314  WARN [Worker-40] - ScalaProject - Project AdScraperExpressionFilter has platform default sourceLevel.
2016-12-14 21:20:18,314  WARN [Worker-40] - ScalaProject - Project AdScraperExpressionFilter runs on platform default installation.
2016-12-14 21:20:26,192  WARN [Worker-38] - ScalaProject - Project AdScraperExpressionFilter has platform default sourceLevel.
2016-12-14 21:20:26,192  WARN [Worker-38] - ScalaProject - Project AdScraperExpressionFilter runs on platform default installation.
2016-12-14 21:20:26,607  WARN [Worker-42] - ScalaProject - Project AdScraperExpressionFilter has platform default sourceLevel.
2016-12-14 21:20:26,607  WARN [Worker-42] - ScalaProject - Project AdScraperExpressionFilter runs on platform default installation.
2016-12-14 21:21:04,882  WARN [Worker-40] - ScalaProject - Project AdScraperExpressionFilter has platform default sourceLevel.
2016-12-14 21:21:04,882  WARN [Worker-40] - ScalaProject - Project AdScraperExpressionFilter runs on platform default installation.
2016-12-14 21:21:09,578  WARN [Worker-39] - ScalaProject - Project AdScraperExpressionFilter has platform default sourceLevel.
2016-12-14 21:21:09,578  WARN [Worker-39] - ScalaProject - Project AdScraperExpressionFilter runs on platform default installation.
2016-12-14 21:21:23,980  WARN [Worker-41] - ScalaProject - Project AdScraperExpressionFilter has platform default sourceLevel.
2016-12-14 21:21:23,980  WARN [Worker-41] - ScalaProject - Project AdScraperExpressionFilter runs on platform default installation.
2016-12-14 21:21:24,225  WARN [Java indexing] - ScalaProject - Project AdScraperExpressionFilter has platform default sourceLevel.
2016-12-14 21:21:24,225  WARN [Java indexing] - ScalaProject - Project AdScraperExpressionFilter runs on platform default installation.
2016-12-14 21:21:46,632  WARN [Java indexing] - ScalaProject - Project AdScraperExpressionFilter has platform default sourceLevel.
2016-12-14 21:21:46,632  WARN [Java indexing] - ScalaProject - Project AdScraperExpressionFilter runs on platform default installation.
2016-12-14 21:21:46,722  WARN [Worker-42] - ScalaProject - Project AdScraperExpressionFilter has platform default sourceLevel.
2016-12-14 21:21:46,722  WARN [Worker-42] - ScalaProject - Project AdScraperExpressionFilter runs on platform default installation.
2016-12-14 21:21:46,738  WARN [Worker-42] - ScalaProject - Project AdScraperExpressionFilter has platform default sourceLevel.
2016-12-14 21:21:46,738  WARN [Worker-42] - ScalaProject - Project AdScraperExpressionFilter runs on platform default installation.
2016-12-14 21:21:55,397  WARN [Worker-41] - ScalaProject - Project AdScraperExpressionFilter has platform default sourceLevel.
2016-12-14 21:21:55,397  WARN [Worker-41] - ScalaProject - Project AdScraperExpressionFilter runs on platform default installation.
2016-12-14 21:22:12,344  WARN [Worker-41] - ScalaProject - Project AdScraperExpressionFilter has platform default sourceLevel.
2016-12-14 21:22:12,345  WARN [Worker-41] - ScalaProject - Project AdScraperExpressionFilter runs on platform default installation.
2016-12-14 21:22:17,834  WARN [Worker-38] - ScalaProject - Project AdScraperExpressionFilter has platform default sourceLevel.
2016-12-14 21:22:17,834  WARN [Worker-38] - ScalaProject - Project AdScraperExpressionFilter runs on platform default installation.
2016-12-14 21:22:18,303  WARN [Worker-38] - ScalaProject - Project AdScraperExpressionFilter has platform default sourceLevel.
2016-12-14 21:22:18,303  WARN [Worker-38] - ScalaProject - Project AdScraperExpressionFilter runs on platform default installation.
2016-12-14 21:22:30,008  WARN [Java indexing] - ScalaProject - Project AdScraperExpressionFilter has platform default sourceLevel.
2016-12-14 21:22:30,009  WARN [Java indexing] - ScalaProject - Project AdScraperExpressionFilter runs on platform default installation.
2016-12-14 21:22:30,278  WARN [Worker-35] - ScalaProject - Project AdScraperExpressionFilter has platform default sourceLevel.
2016-12-14 21:22:30,279  WARN [Worker-35] - ScalaProject - Project AdScraperExpressionFilter runs on platform default installation.
2016-12-14 21:22:30,293  WARN [Worker-35] - ScalaProject - Project AdScraperExpressionFilter has platform default sourceLevel.
2016-12-14 21:22:30,294  WARN [Worker-35] - ScalaProject - Project AdScraperExpressionFilter runs on platform default installation.
2016-12-14 21:22:36,231  WARN [Worker-35] - ScalaProject - Project AdScraperExpressionFilter has platform default sourceLevel.
2016-12-14 21:22:36,232  WARN [Worker-35] - ScalaProject - Project AdScraperExpressionFilter runs on platform default installation.
2016-12-14 21:22:38,085  WARN [Worker-39] - ScalaProject - Project AdScraperExpressionFilter has platform default sourceLevel.
2016-12-14 21:22:38,086  WARN [Worker-39] - ScalaProject - Project AdScraperExpressionFilter runs on platform default installation.
2016-12-14 21:22:38,446  WARN [Worker-39] - ScalaProject - Project AdScraperExpressionFilter has platform default sourceLevel.
2016-12-14 21:22:38,447  WARN [Worker-39] - ScalaProject - Project AdScraperExpressionFilter runs on platform default installation.
2016-12-14 21:25:58,626  WARN [Worker-35] - ScalaProject - Project AdScraperExpressionFilter has platform default sourceLevel.
2016-12-14 21:25:58,627  WARN [Worker-35] - ScalaProject - Project AdScraperExpressionFilter runs on platform default installation.
2016-12-14 21:26:02,383  WARN [Worker-35] - ScalaProject - Project AdScraperExpressionFilter has platform default sourceLevel.
2016-12-14 21:26:02,383  WARN [Worker-35] - ScalaProject - Project AdScraperExpressionFilter runs on platform default installation.
2016-12-14 21:26:03,797  WARN [Worker-44] - ScalaProject - Project AdScraperExpressionFilter has platform default sourceLevel.
2016-12-14 21:26:03,797  WARN [Worker-44] - ScalaProject - Project AdScraperExpressionFilter runs on platform default installation.
2016-12-14 21:26:04,039  WARN [Worker-44] - ScalaProject - Project AdScraperExpressionFilter has platform default sourceLevel.
2016-12-14 21:26:04,039  WARN [Worker-44] - ScalaProject - Project AdScraperExpressionFilter runs on platform default installation.
2016-12-14 21:26:29,274  WARN [Worker-46] - ScalaProject - Project AdScraperExpressionFilter has platform default sourceLevel.
2016-12-14 21:26:29,274  WARN [Worker-46] - ScalaProject - Project AdScraperExpressionFilter runs on platform default installation.
2016-12-14 21:26:29,983  WARN [Worker-46] - ScalaProject - Project AdScraperExpressionFilter has platform default sourceLevel.
2016-12-14 21:26:29,984  WARN [Worker-46] - ScalaProject - Project AdScraperExpressionFilter runs on platform default installation.
2016-12-14 21:26:37,880  WARN [Worker-48] - ScalaProject - Project AdScraperExpressionFilter has platform default sourceLevel.
2016-12-14 21:26:37,880  WARN [Worker-48] - ScalaProject - Project AdScraperExpressionFilter runs on platform default installation.
2016-12-14 21:27:05,785  WARN [Worker-35] - ScalaProject - Project AdScraperExpressionFilter has platform default sourceLevel.
2016-12-14 21:27:05,786  WARN [Worker-35] - ScalaProject - Project AdScraperExpressionFilter runs on platform default installation.
2016-12-14 21:27:05,939  WARN [Java indexing] - ScalaProject - Project AdScraperExpressionFilter has platform default sourceLevel.
2016-12-14 21:27:05,939  WARN [Java indexing] - ScalaProject - Project AdScraperExpressionFilter runs on platform default installation.
2016-12-14 21:27:05,989  WARN [Worker-43] - ScalaProject - Project AdScraperExpressionFilter has platform default sourceLevel.
2016-12-14 21:27:05,989  WARN [Worker-43] - ScalaProject - Project AdScraperExpressionFilter runs on platform default installation.
2016-12-15 09:13:33,759  WARN [Worker-32] - ScalaProject - Project AdScraperExpressionFilter has platform default sourceLevel.
2016-12-15 09:13:33,796  WARN [Worker-32] - ScalaProject - Project AdScraperExpressionFilter runs on platform default installation.
2016-12-15 09:13:40,518  WARN [Worker-35] - ScalaProject - Project expressionparser has platform default sourceLevel.
2016-12-15 09:13:40,519  WARN [Worker-35] - ScalaProject - Project expressionparser runs on platform default installation.
2016-12-15 09:13:40,743  WARN [Worker-32] - ScalaProject - Project expressionparser has platform default sourceLevel.
2016-12-15 09:13:40,744  WARN [Worker-32] - ScalaProject - Project expressionparser runs on platform default installation.
2016-12-15 09:13:44,339  WARN [Worker-35] - ScalaProject - Project AdScraperExpressionFilter has platform default sourceLevel.
2016-12-15 09:13:44,339  WARN [Worker-35] - ScalaProject - Project AdScraperExpressionFilter runs on platform default installation.
2016-12-15 09:13:45,500  WARN [Worker-35] - ScalaProject - Project AdScraperExpressionFilter has platform default sourceLevel.
2016-12-15 09:13:45,500  WARN [Worker-35] - ScalaProject - Project AdScraperExpressionFilter runs on platform default installation.
2016-12-15 09:13:48,455  WARN [Java indexing] - ScalaProject - Project AdScraperExpressionFilter has platform default sourceLevel.
2016-12-15 09:13:48,455  WARN [Java indexing] - ScalaProject - Project AdScraperExpressionFilter runs on platform default installation.
2016-12-15 09:13:53,112  WARN [Java indexing] - ScalaProject - Project expressionparser has platform default sourceLevel.
2016-12-15 09:13:53,112  WARN [Java indexing] - ScalaProject - Project expressionparser runs on platform default installation.
2016-12-15 09:14:01,073  WARN [Worker-41] - ScalaProject - Project AdScraperExpressionFilter has platform default sourceLevel.
2016-12-15 09:14:01,074  WARN [Worker-41] - ScalaProject - Project AdScraperExpressionFilter runs on platform default installation.
2016-12-15 09:14:01,587  WARN [Java indexing] - ScalaProject - Project AdScraperExpressionFilter has platform default sourceLevel.
2016-12-15 09:14:01,587  WARN [Java indexing] - ScalaProject - Project AdScraperExpressionFilter runs on platform default installation.
2016-12-15 09:14:02,910  WARN [Worker-42] - ScalaProject - Project AdScraperExpressionFilter has platform default sourceLevel.
2016-12-15 09:14:02,910  WARN [Worker-42] - ScalaProject - Project AdScraperExpressionFilter runs on platform default installation.
2016-12-15 09:14:03,309  WARN [Worker-32] - ScalaProject - Project expressionparser has platform default sourceLevel.
2016-12-15 09:14:03,309  WARN [Worker-32] - ScalaProject - Project expressionparser runs on platform default installation.
2016-12-15 09:14:03,312  WARN [Worker-32] - ScalaProject - Project expressionparser has platform default sourceLevel.
2016-12-15 09:14:03,312  WARN [Worker-32] - ScalaProject - Project expressionparser runs on platform default installation.
2016-12-15 09:14:04,334  WARN [Worker-41] - ScalaProject - Project AdScraperExpressionFilter has platform default sourceLevel.
2016-12-15 09:14:04,335  WARN [Worker-41] - ScalaProject - Project AdScraperExpressionFilter runs on platform default installation.
2016-12-15 09:14:20,501  WARN [Worker-42] - ScalaProject - Project expressionparser has platform default sourceLevel.
2016-12-15 09:14:20,501  WARN [Worker-42] - ScalaProject - Project expressionparser runs on platform default installation.
2016-12-15 09:14:33,199  WARN [Worker-36] - ScalaProject - Project AdScraperExpressionFilter has platform default sourceLevel.
2016-12-15 09:14:33,200  WARN [Worker-36] - ScalaProject - Project AdScraperExpressionFilter runs on platform default installation.
2016-12-15 09:14:34,871  WARN [Worker-37] - ScalaProject - Project AdScraperExpressionFilter has platform default sourceLevel.
2016-12-15 09:14:34,871  WARN [Worker-37] - ScalaProject - Project AdScraperExpressionFilter runs on platform default installation.
2016-12-15 09:14:34,879  WARN [Worker-37] - ScalaProject - Project AdScraperExpressionFilter has platform default sourceLevel.
2016-12-15 09:14:34,879  WARN [Worker-37] - ScalaProject - Project AdScraperExpressionFilter runs on platform default installation.
2016-12-15 09:18:37,205  WARN [Worker-35] - ScalaProject - Project AdScraperExpressionFilter has platform default sourceLevel.
2016-12-15 09:18:37,228  WARN [Worker-35] - ScalaProject - Project AdScraperExpressionFilter runs on platform default installation.
2016-12-15 09:55:30,351  WARN [Worker-50] - ScalaProject - Project expressionparser has platform default sourceLevel.
2016-12-15 09:55:30,410  WARN [Worker-50] - ScalaProject - Project expressionparser runs on platform default installation.
2016-12-15 09:55:31,289  WARN [Worker-48] - ScalaProject - Project AdScraperExpressionFilter has platform default sourceLevel.
2016-12-15 09:55:31,289  WARN [Worker-48] - ScalaProject - Project AdScraperExpressionFilter runs on platform default installation.
2016-12-15 13:26:37,231  WARN [Worker-2] - ScalaProject - Project expressionparser has platform default sourceLevel.
2016-12-15 13:26:37,295  WARN [Worker-2] - ScalaProject - Project expressionparser runs on platform default installation.
2016-12-15 13:26:37,626  WARN [Worker-2] - ScalaProject - Project AdScraperExpressionFilter has platform default sourceLevel.
2016-12-15 13:26:37,627  WARN [Worker-2] - ScalaProject - Project AdScraperExpressionFilter runs on platform default installation.
2016-12-16 08:15:26,505  WARN [Worker-10] - ScalaProject - Project expressionparser has platform default sourceLevel.
2016-12-16 08:15:26,724  WARN [Worker-10] - ScalaProject - Project expressionparser runs on platform default installation.
2016-12-16 08:15:27,040  WARN [Worker-10] - ScalaProject - Project AdScraperExpressionFilter has platform default sourceLevel.
2016-12-16 08:15:27,040  WARN [Worker-10] - ScalaProject - Project AdScraperExpressionFilter runs on platform default installation.
2016-12-16 08:56:29,152  WARN [Worker-47] - ScalaProject - Project expressionparser has platform default sourceLevel.
2016-12-16 08:56:29,189  WARN [Worker-47] - ScalaProject - Project expressionparser runs on platform default installation.
2016-12-16 08:56:29,480  WARN [Worker-47] - ScalaProject - Project expressionparser has platform default sourceLevel.
2016-12-16 08:56:29,480  WARN [Worker-47] - ScalaProject - Project expressionparser runs on platform default installation.
2016-12-16 08:56:32,208  WARN [Worker-47] - ScalaProject - Project AdScraperExpressionFilter has platform default sourceLevel.
2016-12-16 08:56:32,208  WARN [Worker-47] - ScalaProject - Project AdScraperExpressionFilter runs on platform default installation.
2016-12-16 08:56:32,241  WARN [Worker-47] - ScalaProject - Project AdScraperExpressionFilter has platform default sourceLevel.
2016-12-16 08:56:32,242  WARN [Worker-47] - ScalaProject - Project AdScraperExpressionFilter runs on platform default installation.
2016-12-16 08:56:33,047  WARN [Worker-45] - ScalaProject - Project expressionparser has platform default sourceLevel.
2016-12-16 08:56:33,055  WARN [Worker-45] - ScalaProject - Project expressionparser runs on platform default installation.
2016-12-16 09:02:19,322  WARN [Worker-44] - ScalaProject - Project expressionparser has platform default sourceLevel.
2016-12-16 09:02:19,322  WARN [Worker-44] - ScalaProject - Project expressionparser runs on platform default installation.
2016-12-16 09:02:19,670  WARN [Worker-44] - ScalaProject - Project AdScraperExpressionFilter has platform default sourceLevel.
2016-12-16 09:02:19,671  WARN [Worker-44] - ScalaProject - Project AdScraperExpressionFilter runs on platform default installation.
2016-12-16 09:39:06,859  WARN [Worker-66] - ScalaProject - Project expressionparser has platform default sourceLevel.
2016-12-16 09:39:06,880  WARN [Worker-66] - ScalaProject - Project expressionparser runs on platform default installation.
2016-12-16 09:39:07,376  WARN [Worker-66] - ScalaProject - Project AdScraperExpressionFilter has platform default sourceLevel.
2016-12-16 09:39:07,376  WARN [Worker-66] - ScalaProject - Project AdScraperExpressionFilter runs on platform default installation.
2016-12-16 13:28:05,358  WARN [Worker-7] - ScalaProject - Project expressionparser has platform default sourceLevel.
2016-12-16 13:28:05,410  WARN [Worker-7] - ScalaProject - Project expressionparser runs on platform default installation.
2016-12-16 13:28:05,638  WARN [Worker-7] - ScalaProject - Project AdScraperExpressionFilter has platform default sourceLevel.
2016-12-16 13:28:05,638  WARN [Worker-7] - ScalaProject - Project AdScraperExpressionFilter runs on platform default installation.
2016-12-16 14:55:00,835  WARN [Worker-45] - ScalaProject - Project expressionparser has platform default sourceLevel.
2016-12-16 14:55:00,837  WARN [Worker-45] - ScalaProject - Project expressionparser runs on platform default installation.
2016-12-16 14:55:01,178  WARN [Worker-45] - ScalaProject - Project expressionparser has platform default sourceLevel.
2016-12-16 14:55:01,179  WARN [Worker-45] - ScalaProject - Project expressionparser runs on platform default installation.
2016-12-16 14:55:03,755  WARN [Worker-49] - ScalaProject - Project AdScraperExpressionFilter has platform default sourceLevel.
2016-12-16 14:55:03,755  WARN [Worker-49] - ScalaProject - Project AdScraperExpressionFilter runs on platform default installation.
2016-12-16 14:55:03,770  WARN [Worker-49] - ScalaProject - Project AdScraperExpressionFilter has platform default sourceLevel.
2016-12-16 14:55:03,770  WARN [Worker-49] - ScalaProject - Project AdScraperExpressionFilter runs on platform default installation.
2016-12-16 15:33:09,037  WARN [Worker-50] - ScalaProject - Project expressionparser has platform default sourceLevel.
2016-12-16 15:33:09,068  WARN [Worker-50] - ScalaProject - Project expressionparser runs on platform default installation.
2016-12-16 15:33:18,416  WARN [Worker-70] - ScalaProject - Project expressionparser has platform default sourceLevel.
2016-12-16 15:33:18,417  WARN [Worker-70] - ScalaProject - Project expressionparser runs on platform default installation.
2016-12-16 15:33:18,647  WARN [Worker-70] - ScalaProject - Project AdScraperExpressionFilter has platform default sourceLevel.
2016-12-16 15:33:18,647  WARN [Worker-70] - ScalaProject - Project AdScraperExpressionFilter runs on platform default installation.
2016-12-16 16:30:03,607  WARN [Worker-0] - ScalaProject - Project expressionparser has platform default sourceLevel.
2016-12-16 16:30:03,644  WARN [Worker-0] - ScalaProject - Project expressionparser runs on platform default installation.
2016-12-16 16:30:03,685  WARN [Worker-0] - ScalaProject - Project AdScraperExpressionFilter has platform default sourceLevel.
2016-12-16 16:30:03,685  WARN [Worker-0] - ScalaProject - Project AdScraperExpressionFilter runs on platform default installation.
2016-12-16 16:46:03,897  WARN [Worker-28] - ScalaProject - Project expressionparser has platform default sourceLevel.
2016-12-16 16:46:03,901  WARN [Worker-28] - ScalaProject - Project expressionparser runs on platform default installation.
2016-12-16 16:46:04,045  WARN [Worker-28] - ScalaProject - Project expressionparser has platform default sourceLevel.
2016-12-16 16:46:04,046  WARN [Worker-28] - ScalaProject - Project expressionparser runs on platform default installation.
2016-12-16 16:46:06,074  WARN [Worker-28] - ScalaProject - Project AdScraperExpressionFilter has platform default sourceLevel.
2016-12-16 16:46:06,074  WARN [Worker-28] - ScalaProject - Project AdScraperExpressionFilter runs on platform default installation.
2016-12-16 16:46:06,086  WARN [Worker-28] - ScalaProject - Project AdScraperExpressionFilter has platform default sourceLevel.
2016-12-16 16:46:06,087  WARN [Worker-28] - ScalaProject - Project AdScraperExpressionFilter runs on platform default installation.
2016-12-16 16:46:07,720  WARN [Worker-30] - ScalaProject - Project expressionparser has platform default sourceLevel.
2016-12-16 16:46:07,720  WARN [Worker-30] - ScalaProject - Project expressionparser runs on platform default installation.
2016-12-16 18:51:45,546  WARN [Worker-8] - ScalaProject - Project expressionparser has platform default sourceLevel.
2016-12-16 18:51:45,578  WARN [Worker-8] - ScalaProject - Project expressionparser runs on platform default installation.
2016-12-16 18:51:45,618  WARN [Worker-8] - ScalaProject - Project AdScraperExpressionFilter has platform default sourceLevel.
2016-12-16 18:51:45,618  WARN [Worker-8] - ScalaProject - Project AdScraperExpressionFilter runs on platform default installation.
2016-12-16 18:54:39,602  WARN [Worker-28] - ScalaProject - Project expressionparser has platform default sourceLevel.
2016-12-16 18:54:39,603  WARN [Worker-28] - ScalaProject - Project expressionparser runs on platform default installation.
2016-12-16 18:54:39,840  WARN [Worker-28] - ScalaProject - Project expressionparser has platform default sourceLevel.
2016-12-16 18:54:39,840  WARN [Worker-28] - ScalaProject - Project expressionparser runs on platform default installation.
2016-12-16 18:54:41,952  WARN [Worker-17] - ScalaProject - Project AdScraperExpressionFilter has platform default sourceLevel.
2016-12-16 18:54:41,953  WARN [Worker-17] - ScalaProject - Project AdScraperExpressionFilter runs on platform default installation.
2016-12-16 18:54:41,987  WARN [Worker-17] - ScalaProject - Project AdScraperExpressionFilter has platform default sourceLevel.
2016-12-16 18:54:41,987  WARN [Worker-17] - ScalaProject - Project AdScraperExpressionFilter runs on platform default installation.
2016-12-16 18:54:49,989  WARN [Worker-7] - ScalaProject - Project expressionparser has platform default sourceLevel.
2016-12-16 18:54:49,990  WARN [Worker-7] - ScalaProject - Project expressionparser runs on platform default installation.
2016-12-16 18:54:50,458  WARN [Worker-7] - ScalaProject - Project AdScraperExpressionFilter has platform default sourceLevel.
2016-12-16 18:54:50,458  WARN [Worker-7] - ScalaProject - Project AdScraperExpressionFilter runs on platform default installation.
2016-12-17 10:03:14,391  WARN [Worker-7] - ScalaProject - Project expressionparser has platform default sourceLevel.
2016-12-17 10:03:14,430  WARN [Worker-7] - ScalaProject - Project expressionparser runs on platform default installation.
2016-12-17 10:03:14,664  WARN [Worker-7] - ScalaProject - Project AdScraperExpressionFilter has platform default sourceLevel.
2016-12-17 10:03:14,664  WARN [Worker-7] - ScalaProject - Project AdScraperExpressionFilter runs on platform default installation.
2016-12-17 10:03:23,242  WARN [Worker-10] - ScalaProject - Project expressionparser has platform default sourceLevel.
2016-12-17 10:03:23,247  WARN [Worker-10] - ScalaProject - Project expressionparser runs on platform default installation.
2016-12-17 10:03:23,249  WARN [Worker-10] - ScalaProject - Project AdScraperExpressionFilter has platform default sourceLevel.
2016-12-17 10:03:23,249  WARN [Worker-10] - ScalaProject - Project AdScraperExpressionFilter runs on platform default installation.
2016-12-17 10:03:31,071  WARN [Worker-12] - ScalaProject - Project expressionparser has platform default sourceLevel.
2016-12-17 10:03:31,071  WARN [Worker-12] - ScalaProject - Project expressionparser runs on platform default installation.
2016-12-17 10:03:31,715  WARN [Worker-12] - ScalaProject - Project expressionparser has platform default sourceLevel.
2016-12-17 10:03:31,715  WARN [Worker-12] - ScalaProject - Project expressionparser runs on platform default installation.
2016-12-17 10:03:43,178  WARN [Worker-21] - ScalaProject - Project AdScraperExpressionFilter has platform default sourceLevel.
2016-12-17 10:03:43,178  WARN [Worker-21] - ScalaProject - Project AdScraperExpressionFilter runs on platform default installation.
2016-12-17 10:03:43,188  WARN [Worker-21] - ScalaProject - Project AdScraperExpressionFilter has platform default sourceLevel.
2016-12-17 10:03:43,188  WARN [Worker-21] - ScalaProject - Project AdScraperExpressionFilter runs on platform default installation.
2016-12-17 10:03:45,419  WARN [Worker-15] - ScalaProject - Project AdScraperExpressionFilter has platform default sourceLevel.
2016-12-17 10:03:45,420  WARN [Worker-15] - ScalaProject - Project AdScraperExpressionFilter runs on platform default installation.
2016-12-17 10:28:19,969  WARN [Worker-29] - ScalaProject - Project expressionparser has platform default sourceLevel.
2016-12-17 10:28:19,970  WARN [Worker-29] - ScalaProject - Project expressionparser runs on platform default installation.
2016-12-17 10:28:21,093  WARN [Worker-29] - ScalaProject - Project AdScraperExpressionFilter has platform default sourceLevel.
2016-12-17 10:28:21,093  WARN [Worker-29] - ScalaProject - Project AdScraperExpressionFilter runs on platform default installation.
2016-12-17 10:31:09,341  WARN [Worker-8] - ScalaProject - Project expressionparser has platform default sourceLevel.
2016-12-17 10:31:09,342  WARN [Worker-8] - ScalaProject - Project expressionparser runs on platform default installation.
2016-12-17 10:31:09,638  WARN [Worker-8] - ScalaProject - Project AdScraperExpressionFilter has platform default sourceLevel.
2016-12-17 10:31:09,638  WARN [Worker-8] - ScalaProject - Project AdScraperExpressionFilter runs on platform default installation.
2016-12-17 10:34:13,919  WARN [Worker-32] - ScalaProject - Project expressionparser has platform default sourceLevel.
2016-12-17 10:34:13,920  WARN [Worker-32] - ScalaProject - Project expressionparser runs on platform default installation.
2016-12-17 10:34:14,338  WARN [Worker-32] - ScalaProject - Project AdScraperExpressionFilter has platform default sourceLevel.
2016-12-17 10:34:14,339  WARN [Worker-32] - ScalaProject - Project AdScraperExpressionFilter runs on platform default installation.
2016-12-17 10:38:33,008  WARN [Worker-29] - ScalaProject - Project expressionparser has platform default sourceLevel.
2016-12-17 10:38:33,009  WARN [Worker-29] - ScalaProject - Project expressionparser runs on platform default installation.
2016-12-17 10:38:33,453  WARN [Worker-29] - ScalaProject - Project AdScraperExpressionFilter has platform default sourceLevel.
2016-12-17 10:38:33,454  WARN [Worker-29] - ScalaProject - Project AdScraperExpressionFilter runs on platform default installation.
2016-12-17 10:38:46,791  WARN [Worker-8] - ScalaProject - Project expressionparser has platform default sourceLevel.
2016-12-17 10:38:46,791  WARN [Worker-8] - ScalaProject - Project expressionparser runs on platform default installation.
2016-12-17 10:38:47,030  WARN [Worker-8] - ScalaProject - Project AdScraperExpressionFilter has platform default sourceLevel.
2016-12-17 10:38:47,030  WARN [Worker-8] - ScalaProject - Project AdScraperExpressionFilter runs on platform default installation.
2016-12-17 10:44:49,755  WARN [Worker-28] - ScalaProject - Project expressionparser has platform default sourceLevel.
2016-12-17 10:44:49,755  WARN [Worker-28] - ScalaProject - Project expressionparser runs on platform default installation.
2016-12-17 10:44:50,216  WARN [Worker-28] - ScalaProject - Project AdScraperExpressionFilter has platform default sourceLevel.
2016-12-17 10:44:50,216  WARN [Worker-28] - ScalaProject - Project AdScraperExpressionFilter runs on platform default installation.
2016-12-17 10:47:01,593  WARN [Worker-29] - ScalaProject - Project expressionparser has platform default sourceLevel.
2016-12-17 10:47:01,598  WARN [Worker-29] - ScalaProject - Project expressionparser runs on platform default installation.
2016-12-17 10:47:01,816  WARN [Worker-29] - ScalaProject - Project AdScraperExpressionFilter has platform default sourceLevel.
2016-12-17 10:47:01,816  WARN [Worker-29] - ScalaProject - Project AdScraperExpressionFilter runs on platform default installation.
2016-12-17 10:49:13,056  WARN [Worker-33] - ScalaProject - Project expressionparser has platform default sourceLevel.
2016-12-17 10:49:13,056  WARN [Worker-33] - ScalaProject - Project expressionparser runs on platform default installation.
2016-12-17 10:49:13,391  WARN [Worker-33] - ScalaProject - Project AdScraperExpressionFilter has platform default sourceLevel.
2016-12-17 10:49:13,391  WARN [Worker-33] - ScalaProject - Project AdScraperExpressionFilter runs on platform default installation.
2016-12-17 11:07:37,202  WARN [Worker-34] - ScalaProject - Project expressionparser has platform default sourceLevel.
2016-12-17 11:07:37,202  WARN [Worker-34] - ScalaProject - Project expressionparser runs on platform default installation.
2016-12-17 11:07:37,567  WARN [Worker-34] - ScalaProject - Project AdScraperExpressionFilter has platform default sourceLevel.
2016-12-17 11:07:37,567  WARN [Worker-34] - ScalaProject - Project AdScraperExpressionFilter runs on platform default installation.
2016-12-17 11:13:35,101  WARN [Worker-33] - ScalaProject - Project expressionparser has platform default sourceLevel.
2016-12-17 11:13:35,102  WARN [Worker-33] - ScalaProject - Project expressionparser runs on platform default installation.
2016-12-17 11:13:35,377  WARN [Worker-33] - ScalaProject - Project AdScraperExpressionFilter has platform default sourceLevel.
2016-12-17 11:13:35,377  WARN [Worker-33] - ScalaProject - Project AdScraperExpressionFilter runs on platform default installation.
2016-12-17 11:40:25,945  WARN [Worker-57] - ScalaProject - Project expressionparser has platform default sourceLevel.
2016-12-17 11:40:25,946  WARN [Worker-57] - ScalaProject - Project expressionparser runs on platform default installation.
2016-12-17 11:40:26,188  WARN [Worker-57] - ScalaProject - Project AdScraperExpressionFilter has platform default sourceLevel.
2016-12-17 11:40:26,188  WARN [Worker-57] - ScalaProject - Project AdScraperExpressionFilter runs on platform default installation.
2016-12-17 11:41:18,447  WARN [Worker-53] - ScalaProject - Project expressionparser has platform default sourceLevel.
2016-12-17 11:41:18,448  WARN [Worker-53] - ScalaProject - Project expressionparser runs on platform default installation.
2016-12-17 11:41:18,617  WARN [Worker-53] - ScalaProject - Project AdScraperExpressionFilter has platform default sourceLevel.
2016-12-17 11:41:18,617  WARN [Worker-53] - ScalaProject - Project AdScraperExpressionFilter runs on platform default installation.
2016-12-17 11:43:35,868  WARN [Worker-50] - ScalaProject - Project expressionparser has platform default sourceLevel.
2016-12-17 11:43:35,868  WARN [Worker-50] - ScalaProject - Project expressionparser runs on platform default installation.
2016-12-17 11:43:36,039  WARN [Worker-50] - ScalaProject - Project AdScraperExpressionFilter has platform default sourceLevel.
2016-12-17 11:43:36,039  WARN [Worker-50] - ScalaProject - Project AdScraperExpressionFilter runs on platform default installation.
2016-12-17 11:47:25,665  WARN [Worker-62] - ScalaProject - Project expressionparser has platform default sourceLevel.
2016-12-17 11:47:25,666  WARN [Worker-62] - ScalaProject - Project expressionparser runs on platform default installation.
2016-12-17 11:47:25,797  WARN [Worker-62] - ScalaProject - Project AdScraperExpressionFilter has platform default sourceLevel.
2016-12-17 11:47:25,797  WARN [Worker-62] - ScalaProject - Project AdScraperExpressionFilter runs on platform default installation.
2016-12-17 11:50:41,746  WARN [Worker-66] - ScalaProject - Project expressionparser has platform default sourceLevel.
2016-12-17 11:50:41,747  WARN [Worker-66] - ScalaProject - Project expressionparser runs on platform default installation.
2016-12-17 11:50:41,933  WARN [Worker-66] - ScalaProject - Project AdScraperExpressionFilter has platform default sourceLevel.
2016-12-17 11:50:41,935  WARN [Worker-66] - ScalaProject - Project AdScraperExpressionFilter runs on platform default installation.
2016-12-17 11:51:04,779  WARN [Worker-67] - ScalaProject - Project expressionparser has platform default sourceLevel.
2016-12-17 11:51:04,779  WARN [Worker-67] - ScalaProject - Project expressionparser runs on platform default installation.
2016-12-17 11:51:04,949  WARN [Worker-67] - ScalaProject - Project AdScraperExpressionFilter has platform default sourceLevel.
2016-12-17 11:51:04,950  WARN [Worker-67] - ScalaProject - Project AdScraperExpressionFilter runs on platform default installation.
2016-12-17 12:01:14,492  WARN [Worker-2] - ScalaProject - Project expressionparser has platform default sourceLevel.
2016-12-17 12:01:14,495  WARN [Worker-2] - ScalaProject - Project expressionparser runs on platform default installation.
2016-12-17 12:01:15,374  WARN [Worker-2] - ScalaProject - Project AdScraperExpressionFilter has platform default sourceLevel.
2016-12-17 12:01:15,375  WARN [Worker-2] - ScalaProject - Project AdScraperExpressionFilter runs on platform default installation.
2016-12-17 13:41:36,890 ERROR [org.jboss.tools.common.validation.java.JavaDirtyRegionProcessor] - System.err - Exception in thread "org.jboss.tools.common.validation.java.JavaDirtyRegionProcessor"
2016-12-17 13:41:36,891 ERROR [org.jboss.tools.common.validation.java.JavaDirtyRegionProcessor] - System.err - java.lang.NullPointerException
2016-12-17 13:41:36,892 ERROR [org.jboss.tools.common.validation.java.JavaDirtyRegionProcessor] - System.err - at org.jboss.tools.common.validation.java.JavaDirtyRegionProcessor.isJavaElementValidationRequired(JavaDirtyRegionProcessor.java:549)
2016-12-17 13:41:36,892 ERROR [org.jboss.tools.common.validation.java.JavaDirtyRegionProcessor] - System.err - at org.jboss.tools.common.validation.java.JavaDirtyRegionProcessor.endProcessing(JavaDirtyRegionProcessor.java:502)
2016-12-17 13:41:36,892 ERROR [org.jboss.tools.common.validation.java.JavaDirtyRegionProcessor] - System.err - at org.eclipse.wst.sse.ui.internal.reconcile.DirtyRegionProcessor$BackgroundThread.run(DirtyRegionProcessor.java:697)
2016-12-17 21:48:55,213  WARN [Worker-6] - ScalaProject - Project expressionparser has platform default sourceLevel.
2016-12-17 21:48:55,275  WARN [Worker-6] - ScalaProject - Project expressionparser runs on platform default installation.
2016-12-17 21:48:55,362  WARN [Worker-6] - ScalaProject - Project AdScraperExpressionFilter has platform default sourceLevel.
2016-12-17 21:48:55,362  WARN [Worker-6] - ScalaProject - Project AdScraperExpressionFilter runs on platform default installation.
2016-12-18 10:19:41,311  WARN [Worker-0] - ScalaProject - Project expressionparser has platform default sourceLevel.
2016-12-18 10:19:41,403  WARN [Worker-0] - ScalaProject - Project expressionparser runs on platform default installation.
2016-12-18 10:19:42,061  WARN [Worker-0] - ScalaProject - Project AdScraperExpressionFilter has platform default sourceLevel.
2016-12-18 10:19:42,062  WARN [Worker-0] - ScalaProject - Project AdScraperExpressionFilter runs on platform default installation.
2016-12-18 18:52:35,686  WARN [Worker-0] - ScalaProject - Project expressionparser has platform default sourceLevel.
2016-12-18 18:52:35,749  WARN [Worker-0] - ScalaProject - Project expressionparser runs on platform default installation.
2016-12-18 18:52:35,830  WARN [Worker-0] - ScalaProject - Project AdScraperExpressionFilter has platform default sourceLevel.
2016-12-18 18:52:35,832  WARN [Worker-0] - ScalaProject - Project AdScraperExpressionFilter runs on platform default installation.
2016-12-20 17:36:21,448  WARN [Worker-0] - ScalaProject - Project expressionparser has platform default sourceLevel.
2016-12-20 17:36:21,481  WARN [Worker-0] - ScalaProject - Project expressionparser runs on platform default installation.
2016-12-20 17:36:21,696  WARN [Worker-0] - ScalaProject - Project AdScraperExpressionFilter has platform default sourceLevel.
2016-12-20 17:36:21,697  WARN [Worker-0] - ScalaProject - Project AdScraperExpressionFilter runs on platform default installation.
2016-12-20 17:36:22,207  WARN [Worker-6] - ScalaProject - Project expressionparser has platform default sourceLevel.
2016-12-20 17:36:22,215  WARN [Worker-6] - ScalaProject - Project expressionparser runs on platform default installation.
2016-12-20 17:36:22,217  WARN [Worker-6] - ScalaProject - Project AdScraperExpressionFilter has platform default sourceLevel.
2016-12-20 17:36:22,217  WARN [Worker-6] - ScalaProject - Project AdScraperExpressionFilter runs on platform default installation.
2016-12-26 14:57:24,965  WARN [Worker-3] - ScalaProject - Project expressionparser has platform default sourceLevel.
2016-12-26 14:57:24,999  WARN [Worker-3] - ScalaProject - Project expressionparser runs on platform default installation.
2016-12-26 14:57:25,025  WARN [Worker-3] - ScalaProject - Project AdScraperExpressionFilter has platform default sourceLevel.
2016-12-26 14:57:25,025  WARN [Worker-3] - ScalaProject - Project AdScraperExpressionFilter runs on platform default installation.
2016-12-26 14:57:58,278  WARN [Worker-23] - ScalaProject - Project expressionparser has platform default sourceLevel.
2016-12-26 14:57:58,279  WARN [Worker-23] - ScalaProject - Project expressionparser runs on platform default installation.
2016-12-26 14:57:58,381  WARN [Worker-23] - ScalaProject - Project expressionparser has platform default sourceLevel.
2016-12-26 14:57:58,382  WARN [Worker-23] - ScalaProject - Project expressionparser runs on platform default installation.
2016-12-26 14:58:00,645  WARN [Worker-23] - ScalaProject - Project AdScraperExpressionFilter has platform default sourceLevel.
2016-12-26 14:58:00,645  WARN [Worker-23] - ScalaProject - Project AdScraperExpressionFilter runs on platform default installation.
2016-12-26 14:58:00,676  WARN [Worker-23] - ScalaProject - Project AdScraperExpressionFilter has platform default sourceLevel.
2016-12-26 14:58:00,677  WARN [Worker-23] - ScalaProject - Project AdScraperExpressionFilter runs on platform default installation.
2016-12-26 14:58:02,547  WARN [Worker-6] - ScalaProject - Project expressionparser has platform default sourceLevel.
2016-12-26 14:58:02,548  WARN [Worker-6] - ScalaProject - Project expressionparser runs on platform default installation.
2016-12-26 14:58:02,818  WARN [Worker-6] - ScalaProject - Project AdScraperExpressionFilter has platform default sourceLevel.
2016-12-26 14:58:02,818  WARN [Worker-6] - ScalaProject - Project AdScraperExpressionFilter runs on platform default installation.
2016-12-26 15:01:29,883  WARN [main] - ScalaProject - Project expressionparser has platform default sourceLevel.
2016-12-26 15:01:29,884  WARN [main] - ScalaProject - Project expressionparser runs on platform default installation.
2016-12-26 15:01:29,916  WARN [main] - ScalaProject - Project AdScraperExpressionFilter has platform default sourceLevel.
2016-12-26 15:01:29,916  WARN [main] - ScalaProject - Project AdScraperExpressionFilter runs on platform default installation.
2016-12-26 15:01:55,313  WARN [Worker-22] - ScalaProject - Project expressionparser has platform default sourceLevel.
2016-12-26 15:01:55,328  WARN [Worker-22] - ScalaProject - Project expressionparser runs on platform default installation.
2016-12-26 15:01:55,459  WARN [Worker-22] - ScalaProject - Project expressionparser has platform default sourceLevel.
2016-12-26 15:01:55,459  WARN [Worker-22] - ScalaProject - Project expressionparser runs on platform default installation.
2016-12-26 15:01:58,513  WARN [Worker-22] - ScalaProject - Project AdScraperExpressionFilter has platform default sourceLevel.
2016-12-26 15:01:58,513  WARN [Worker-22] - ScalaProject - Project AdScraperExpressionFilter runs on platform default installation.
2016-12-26 15:01:58,578  WARN [Worker-22] - ScalaProject - Project AdScraperExpressionFilter has platform default sourceLevel.
2016-12-26 15:01:58,581  WARN [Worker-22] - ScalaProject - Project AdScraperExpressionFilter runs on platform default installation.
2016-12-26 15:02:02,878  WARN [Worker-22] - ScalaProject - Project expressionparser has platform default sourceLevel.
2016-12-26 15:02:02,886  WARN [Worker-22] - ScalaProject - Project expressionparser runs on platform default installation.
2016-12-26 15:02:24,866  WARN [Worker-7] - ScalaProject - Project AdScraperExpressionFilter has platform default sourceLevel.
2016-12-26 15:02:24,870  WARN [Worker-7] - ScalaProject - Project AdScraperExpressionFilter runs on platform default installation.
2016-12-26 15:02:46,758  WARN [Java indexing] - ScalaProject - Project AdScraperExpressionFilter has platform default sourceLevel.
2016-12-26 15:02:46,758  WARN [Java indexing] - ScalaProject - Project AdScraperExpressionFilter runs on platform default installation.
2016-12-26 15:02:51,319  WARN [Java indexing] - ScalaProject - Project expressionparser has platform default sourceLevel.
2016-12-26 15:02:51,320  WARN [Java indexing] - ScalaProject - Project expressionparser runs on platform default installation.
2016-12-26 15:19:48,615  WARN [Worker-29] - ScalaProject - Project expressionparser has platform default sourceLevel.
2016-12-26 15:19:48,616  WARN [Worker-29] - ScalaProject - Project expressionparser runs on platform default installation.
2016-12-26 15:19:49,156  WARN [Worker-29] - ScalaProject - Project AdScraperExpressionFilter has platform default sourceLevel.
2016-12-26 15:19:49,157  WARN [Worker-29] - ScalaProject - Project AdScraperExpressionFilter runs on platform default installation.
2016-12-26 15:36:18,233  WARN [Worker-5] - ScalaProject - Project expressionparser has platform default sourceLevel.
2016-12-26 15:36:18,235  WARN [Worker-5] - ScalaProject - Project expressionparser runs on platform default installation.
2016-12-26 15:36:18,283  WARN [Worker-5] - ScalaProject - Project AdScraperExpressionFilter has platform default sourceLevel.
2016-12-26 15:36:18,283  WARN [Worker-5] - ScalaProject - Project AdScraperExpressionFilter runs on platform default installation.
2016-12-26 15:36:59,622  WARN [Java indexing] - ScalaProject - Project AdScraperExpressionFilter has platform default sourceLevel.
2016-12-26 15:36:59,622  WARN [Java indexing] - ScalaProject - Project AdScraperExpressionFilter runs on platform default installation.
2016-12-26 15:37:08,657  WARN [Java indexing] - ScalaProject - Project expressionparser has platform default sourceLevel.
2016-12-26 15:37:08,657  WARN [Java indexing] - ScalaProject - Project expressionparser runs on platform default installation.
